<?xml version="1.0" encoding="utf-8"?><testsuites name="pytest tests"><testsuite name="pytest" errors="0" failures="0" skipped="0" tests="23" time="12.438" timestamp="2026-09-02T20:04:21.900783+00:00" hostname="agent-env-dec27e55-0f07-4b72-9d6e-0380098370af"><testcase classname="tests.test_iteration3.TestImportCSV" name="test_csv_import_creates_pending_and_normalizes_dob" time="0.708" /><testcase classname="tests.test_iteration3.TestRegression" name="test_seeded_logins[ageng.rider@gmail.com-Admin#2026-roles0]" time="1.001" /><testcase classname="tests.test_iteration3.TestImportCSV" name="test_csv_reimport_dedupes" time="0.290" /><testcase classname="tests.test_iteration3.TestImportCSV" name="test_xlsx_import" time="0.797" /><testcase classname="tests.test_iteration3.TestRegression" name="test_seeded_logins[pengurus@ekertalangu.id-Pengurus#2026-roles1]" time="0.723" /><testcase classname="tests.test_iteration3.TestRegression" name="test_seeded_logins[peserta@ekertalangu.id-Peserta#2026-roles2]" time="0.373" /><testcase classname="tests.test_iteration3.TestImportCSV" name="test_xlsx_real_date_cell" time="0.369" /><testcase classname="tests.test_iteration3.TestRegression" name="test_bcrypt_hash_format" time="0.073" /><testcase classname="tests.test_iteration3.TestImportCSV" name="test_unsupported_extension_400" time="1.106" /><testcase classname="tests.test_iteration3.TestRegression" name="test_pending_account_login_401" time="1.315" /><testcase classname="tests.test_iteration3.TestImportCSV" name="test_import_requires_admin" time="0.177" /><testcase classname="tests.test_iteration3.TestPendingEntries" name="test_entries_with_dob" time="0.080" /><testcase classname="tests.test_iteration3.TestRegression" name="test_cors_credentials" time="0.002" /><testcase classname="tests.test_iteration3.TestRegression" name="test_self_reset_and_restore" time="1.375" /><testcase classname="tests.test_iteration3.TestPendingEntries" name="test_entries_duplicate_skipped" time="0.082" /><testcase classname="tests.test_iteration3.TestPendingEntries" name="test_old_names_payload_rejected" time="0.224" /><testcase classname="tests.test_iteration3.TestActivationSearch" name="test_requires_dob_flag" time="0.624" /><testcase classname="tests.test_iteration3.TestActivationSearch" name="test_short_query_returns_empty" time="0.146" /><testcase classname="tests.test_iteration3.TestBruteForce" name="test_lockout_after_5_failures_and_cleared_by_reset" time="7.232" /><testcase classname="tests.test_iteration3.TestRegression" name="test_self_reset_blocked_for_multirole" time="0.268" /><testcase classname="tests.test_iteration3.TestActivationSecondFactor" name="test_wrong_dob_rejected_then_correct_dob_activates" time="1.821" /><testcase classname="tests.test_iteration3.TestActivationSecondFactor" name="test_no_dob_pending_activates_with_any_dob" time="1.163" /><testcase classname="tests.test_iteration3.TestActivationSecondFactor" name="test_activation_invalid_user_id" time="1.199" /></testsuite></testsuites>