<?xml version="1.0" encoding="utf-8"?><testsuites name="pytest tests"><testsuite name="pytest" errors="0" failures="2" skipped="0" tests="27" time="20.622" timestamp="2026-09-02T19:18:37.111291+00:00" hostname="agent-env-dec27e55-0f07-4b72-9d6e-0380098370af"><testcase classname="tests.backend_test" name="test_root" time="0.138" /><testcase classname="tests.backend_test" name="test_login_admin_cookies_and_roles" time="0.367" /><testcase classname="tests.backend_test" name="test_login_with_username_phone_email[peserta]" time="2.159" /><testcase classname="tests.backend_test" name="test_login_with_username_phone_email[081300000003]" time="0.360" /><testcase classname="tests.backend_test" name="test_login_with_username_phone_email[peserta@ekertalangu.id]" time="0.435" /><testcase classname="tests.backend_test" name="test_login_pengurus_roles" time="0.422" /><testcase classname="tests.backend_test" name="test_login_wrong_password_401_then_lockout_429" time="1.819" /><testcase classname="tests.backend_test" name="test_me_and_logout" time="0.502" /><testcase classname="tests.backend_test" name="test_me_unauthenticated_401" time="0.126" /><testcase classname="tests.backend_test" name="test_logout_clears_session" time="0.654" /><testcase classname="tests.backend_test" name="test_refresh_issues_new_access_token" time="0.492" /><testcase classname="tests.backend_test" name="test_bcrypt_hash_format" time="0.074" /><testcase classname="tests.backend_test" name="test_public_qr_stable_token" time="0.294" /><testcase classname="tests.backend_test" name="test_register_creates_active_peserta" time="1.612" /><testcase classname="tests.backend_test" name="test_register_invalid_token_400" time="0.158" /><testcase classname="tests.backend_test" name="test_register_missing_fields_422" time="0.119" /><testcase classname="tests.backend_test" name="test_activate_invalid_code_404" time="0.170" /><testcase classname="tests.backend_test" name="test_self_reset_flow_and_restore" time="2.192" /><testcase classname="tests.backend_test" name="test_self_reset_wrong_dob_404" time="0.151" /><testcase classname="tests.backend_test" name="test_self_reset_cannot_target_admin_account" time="0.727"><failure message="AssertionError: SECURITY HOLE: admin password reset via self-reset (status 200)&#10;assert 200 == 403&#10; +  where 200 = &lt;Response [200]&gt;.status_code">tests/backend_test.py:238: in test_self_reset_cannot_target_admin_account
    assert r.status_code == 403, (
E   AssertionError: SECURITY HOLE: admin password reset via self-reset (status 200)
E   assert 200 == 403
E    +  where 200 = &lt;Response [200]&gt;.status_code</failure></testcase><testcase classname="tests.backend_test" name="test_self_reset_clears_lockout" time="2.183" /><testcase classname="tests.backend_test" name="test_admin_users_list" time="0.425" /><testcase classname="tests.backend_test" name="test_admin_users_requires_admin" time="0.645" /><testcase classname="tests.backend_test" name="test_admin_cannot_delete_self" time="0.519" /><testcase classname="tests.backend_test" name="test_admin_delete_user_and_verify" time="0.914" /><testcase classname="tests.backend_test" name="test_admin_delete_invalid_objectid" time="0.434"><failure message="AssertionError: got 500: Internal Server Error&#10;assert 500 in (400, 404, 422)&#10; +  where 500 = &lt;Response [500]&gt;.status_code">tests/backend_test.py:306: in test_admin_delete_invalid_objectid
    assert r.status_code in (400, 404, 422), f"got {r.status_code}: {r.text[:200]}"
E   AssertionError: got 500: Internal Server Error
E   assert 500 in (400, 404, 422)
E    +  where 500 = &lt;Response [500]&gt;.status_code</failure></testcase><testcase classname="tests.backend_test" name="test_admin_update_roles" time="1.838" /></testsuite></testsuites>