<?xml version="1.0" encoding="utf-8"?><testsuites name="pytest tests"><testsuite name="pytest" errors="0" failures="0" skipped="0" tests="7" time="4.360" timestamp="2026-09-02T19:47:26.785375+00:00" hostname="agent-env-dec27e55-0f07-4b72-9d6e-0380098370af"><testcase classname="tests.test_iteration2.TestRegressions" name="test_seeded_logins[ageng.rider@gmail.com-Admin#2026-roles0]" time="0.415" /><testcase classname="tests.test_iteration2.TestRegressions" name="test_seeded_logins[pengurus@ekertalangu.id-Pengurus#2026-roles1]" time="0.352" /><testcase classname="tests.test_iteration2.TestRegressions" name="test_seeded_logins[peserta@ekertalangu.id-Peserta#2026-roles2]" time="0.354" /><testcase classname="tests.test_iteration2.TestRegressions" name="test_self_reset_blocked_for_admin" time="0.156" /><testcase classname="tests.test_iteration2.TestRegressions" name="test_self_reset_peserta_and_restore" time="1.446" /><testcase classname="tests.test_iteration2.TestRegressions" name="test_no_mongo_id_leak_in_admin_list" time="0.531" /><testcase classname="tests.test_iteration2.TestRegressions" name="test_logout_without_valid_token" time="0.585" /></testsuite></testsuites>